
Loading the model ...
  input file   : newstuff/2018111040_1.pomdp
  loading time : 0.04s 

SARSOP initializing ...
  initialization time : 0.01s

-------------------------------------------------------------------------------
 Time   |#Trial |#Backup |LBound    |UBound    |Precision  |#Alphas |#Beliefs  
-------------------------------------------------------------------------------
 0.01    0       0        1.74985    12.3832    10.6333     5        1        
 0.02    14      50       7.74582    8.59672    0.850902    44       17       
 0.03    21      103      8.28928    8.4192     0.129928    67       32       
 0.05    27      151      8.36036    8.388      0.0276413   82       38       
 0.06    31      200      8.36637    8.38791    0.0215428   89       46       
 0.09    36      250      8.36746    8.38363    0.0161655   114      54       
 0.11    41      300      8.36758    8.38326    0.0156799   149      59       
 0.13    46      350      8.37268    8.37898    0.00630132  171      65       
 0.16    50      405      8.37453    8.37857    0.00404024  127      73       
 0.19    53      450      8.37459    8.37769    0.00309381  156      79       
 0.22    57      503      8.37461    8.37761    0.00300289  170      83       
 0.25    60      550      8.37461    8.37761    0.00299341  194      86       
 0.32    64      600      8.37501    8.37722    0.00221112  229      109      
 0.38    69      653      8.37598    8.37712    0.00114122  255      118      
 0.46    73      705      8.37607    8.3771     0.00102483  277      137      
 0.49    74      719      8.37613    8.3771     0.000969167 263      143      
-------------------------------------------------------------------------------

SARSOP finishing ...
  target precision reached
  target precision  : 0.001000
  precision reached : 0.000969 

-------------------------------------------------------------------------------
 Time   |#Trial |#Backup |LBound    |UBound    |Precision  |#Alphas |#Beliefs  
-------------------------------------------------------------------------------
 0.49    74      719      8.37613    8.3771     0.000969167 263      143      
-------------------------------------------------------------------------------

Writing out policy ...
  output file : newstuff/2018111040_1.policy

